<?xml version="1.0" encoding="UTF-8"?>
<!-- Generated by org.testng.reporters.JUnitReportReporter -->
<testsuite skipped="0" hostname="DESKTOP-51DOO9U" name="tests.sampletest" tests="1" failures="0" timestamp="16 Oct 2019 07:10:32 GMT" time="25.400" errors="0">
  <testcase name="invalidLoginTest_InvalidUserNameInvalidPassword" time="25.400" classname="tests.sampletest"/>
</testsuite> <!-- tests.sampletest -->
