<?xml version="1.0" encoding="UTF-8"?>
<!-- Generated by org.testng.reporters.JUnitReportReporter -->
<testsuite skipped="0" hostname="DESKTOP-51DOO9U" name="tests.LoginTests" tests="1" failures="0" timestamp="18 Oct 2019 07:03:41 GMT" time="90.902" errors="0">
  <testcase name="Penumbralogin" time="90.902" classname="tests.LoginTests"/>
</testsuite> <!-- tests.LoginTests -->
