<?xml version="1.0" encoding="UTF-8"?>
<!-- Generated by org.testng.reporters.JUnitReportReporter -->
<testsuite skipped="0" hostname="DESKTOP-51DOO9U" name="tests.sampleread" tests="1" failures="0" timestamp="12 Sep 2019 07:54:53 GMT" time="0.875" errors="0">
  <testcase name="exceloperations" time="0.875" classname="tests.sampleread"/>
</testsuite> <!-- tests.sampleread -->
