<?xml version="1.0" encoding="UTF-8"?>
<!-- Generated by org.testng.reporters.JUnitReportReporter -->
<testsuite skipped="0" hostname="DESKTOP-51DOO9U" name="tests.LoginTests" tests="1" failures="0" timestamp="07 Oct 2019 17:45:33 GMT" time="21.122" errors="0">
  <testcase name="Penumbralogin" time="21.122" classname="tests.LoginTests"/>
</testsuite> <!-- tests.LoginTests -->
