<?xml version="1.0" encoding="UTF-8"?>
<!-- Generated by org.testng.reporters.JUnitReportReporter -->
<testsuite skipped="0" hostname="DESKTOP-51DOO9U" name="info.methods.SimpleGetTest" tests="1" failures="0" timestamp="09 Sep 2019 06:07:01 GMT" time="7.488" errors="0">
  <testcase name="GetWeatherDetails" time="7.488" classname="info.methods.SimpleGetTest"/>
</testsuite> <!-- info.methods.SimpleGetTest -->
